  Validating architecture
  Validating sources
  Copying sources remotely to 'bluecrystalp3.bris.ac.uk'
  Starting remote build
  Compiling sources:
  main.cpp
C:\Users\rg17191\source\repos\LagDes_Trj\LagDes_Trj\main.cpp(14): warning : ignoring #pragma region Input [-Wunknown-pragmas]
C:\Users\rg17191\source\repos\LagDes_Trj\LagDes_Trj\main.cpp(19): warning : ignoring #pragma endregion  [-Wunknown-pragmas]
C:\Users\rg17191\source\repos\LagDes_Trj\LagDes_Trj\main.cpp(20): warning : ignoring #pragma region Variables [-Wunknown-pragmas]
C:\Users\rg17191\source\repos\LagDes_Trj\LagDes_Trj\main.cpp(41): warning : ignoring #pragma endregion  [-Wunknown-pragmas]
C:\Users\rg17191\source\repos\LagDes_Trj\LagDes_Trj\main.cpp(42): warning : ignoring #pragma region System [-Wunknown-pragmas]
C:\Users\rg17191\source\repos\LagDes_Trj\LagDes_Trj\main.cpp(68): warning : ignoring #pragma endregion  [-Wunknown-pragmas]
C:\Users\rg17191\source\repos\LagDes_Trj\LagDes_Trj\main.cpp(69): warning : ignoring #pragma region Tool [-Wunknown-pragmas]
C:\Users\rg17191\source\repos\LagDes_Trj\LagDes_Trj\main.cpp(86): warning : ignoring #pragma endregion  [-Wunknown-pragmas]
C:\Users\rg17191\source\repos\LagDes_Trj\LagDes_Trj\main.cpp(91): warning : ignoring #pragma region Dynamic [-Wunknown-pragmas]
C:\Users\rg17191\source\repos\LagDes_Trj\LagDes_Trj\main.cpp(100): warning : ignoring #pragma endregion  [-Wunknown-pragmas]
C:\Users\rg17191\source\repos\LagDes_Trj\LagDes_Trj\main.cpp(101): warning : ignoring #pragma region Lagrangian [-Wunknown-pragmas]
C:\Users\rg17191\source\repos\LagDes_Trj\LagDes_Trj\main.cpp(119): warning : ignoring #pragma endregion  [-Wunknown-pragmas]
C:\Users\rg17191\source\repos\LagDes_Trj\LagDes_Trj\main.cpp(123): warning : ignoring #pragma region Actualize [-Wunknown-pragmas]
C:\Users\rg17191\source\repos\LagDes_Trj\LagDes_Trj\main.cpp(141): warning : ignoring #pragma endregion  [-Wunknown-pragmas]
C:\Users\rg17191\source\repos\LagDes_Trj\LagDes_Trj\main.cpp(142): warning : ignoring #pragma region Key [-Wunknown-pragmas]
C:\Users\rg17191\source\repos\LagDes_Trj\LagDes_Trj\main.cpp(156): warning : ignoring #pragma endregion  [-Wunknown-pragmas]
C:\Users\rg17191\source\repos\LagDes_Trj\LagDes_Trj\main.cpp(157): warning : ignoring #pragma region Opening [-Wunknown-pragmas]
C:\Users\rg17191\source\repos\LagDes_Trj\LagDes_Trj\main.cpp(194): warning : ignoring #pragma endregion  [-Wunknown-pragmas]
C:\Users\rg17191\source\repos\LagDes_Trj\LagDes_Trj\main.cpp(195): warning : ignoring #pragma region Clean [-Wunknown-pragmas]
C:\Users\rg17191\source\repos\LagDes_Trj\LagDes_Trj\main.cpp(210): warning : ignoring #pragma endregion  [-Wunknown-pragmas]
C:\Users\rg17191\source\repos\LagDes_Trj\LagDes_Trj\main.cpp(216): warning : ignoring #pragma region Printing [-Wunknown-pragmas]
C:\Users\rg17191\source\repos\LagDes_Trj\LagDes_Trj\main.cpp(221): warning : ignoring #pragma endregion  [-Wunknown-pragmas]
C:\Users\rg17191\source\repos\LagDes_Trj\LagDes_Trj\main.h(58,42): warning : conversion to ‘int’ from ‘size_t {aka long unsigned int}’ may alter its value [-Wconversion]
C:\Users\rg17191\source\repos\LagDes_Trj\LagDes_Trj\main.cpp(11,12): warning : conversion to ‘unsigned int’ from ‘time_t {aka long int}’ may alter its value [-Wconversion]
C:\Users\rg17191\source\repos\LagDes_Trj\LagDes_Trj\main.cpp(88,23): warning : comparison between signed and unsigned integer expressions [-Wsign-compare]
C:\Users\rg17191\source\repos\LagDes_Trj\LagDes_Trj\main.cpp(121,13): warning : conversion to ‘double’ from ‘size_t {aka long unsigned int}’ may alter its value [-Wconversion]
C:\Users\rg17191\source\repos\LagDes_Trj\LagDes_Trj\main.cpp(159,14): warning : conversion to ‘double’ from ‘size_t {aka long unsigned int}’ may alter its value [-Wconversion]
  Linking objects
  LagDes_Trj.vcxproj -> C:\Users\rg17191\source\repos\LagDes_Trj\LagDes_Trj\bin\x64\Release\LagDes_Trj.out
